<?xml version="1.0" encoding="UTF-8"?>
<testng-results skipped="0" failed="2" total="4" passed="2">
  <reporter-output>
  </reporter-output>
  <suite name="Default suite" duration-ms="5893" started-at="2022-04-20T11:56:32Z" finished-at="2022-04-20T11:56:38Z">
    <groups>
    </groups>
    <test name="Default test" duration-ms="5893" started-at="2022-04-20T11:56:32Z" finished-at="2022-04-20T11:56:38Z">
      <class name="org.task.Allannotations">
        <test-method status="PASS" signature="start()[pri:0, instance:org.task.Allannotations@7e0b0338]" name="start" is-config="true" duration-ms="4184" started-at="2022-04-20T17:26:32Z" finished-at="2022-04-20T17:26:36Z">
          <reporter-output>
          </reporter-output>
        </test-method> <!-- start -->
        <test-method status="PASS" signature="Starttime()[pri:0, instance:org.task.Allannotations@7e0b0338]" name="Starttime" is-config="true" duration-ms="124" started-at="2022-04-20T17:26:36Z" finished-at="2022-04-20T17:26:36Z">
          <reporter-output>
          </reporter-output>
        </test-method> <!-- Starttime -->
        <test-method status="PASS" signature="tc1()[pri:0, instance:org.task.Allannotations@7e0b0338]" name="tc1" duration-ms="128" started-at="2022-04-20T17:26:36Z" finished-at="2022-04-20T17:26:36Z">
          <reporter-output>
          </reporter-output>
        </test-method> <!-- tc1 -->
        <test-method status="PASS" signature="endtime()[pri:0, instance:org.task.Allannotations@7e0b0338]" name="endtime" is-config="true" duration-ms="139" started-at="2022-04-20T17:26:36Z" finished-at="2022-04-20T17:26:36Z">
          <reporter-output>
          </reporter-output>
        </test-method> <!-- endtime -->
        <test-method status="PASS" signature="Starttime()[pri:0, instance:org.task.Allannotations@7e0b0338]" name="Starttime" is-config="true" duration-ms="88" started-at="2022-04-20T17:26:36Z" finished-at="2022-04-20T17:26:37Z">
          <reporter-output>
          </reporter-output>
        </test-method> <!-- Starttime -->
        <test-method status="FAIL" signature="tc2()[pri:0, instance:org.task.Allannotations@7e0b0338]" name="tc2" duration-ms="2" started-at="2022-04-20T17:26:37Z" finished-at="2022-04-20T17:26:37Z">
          <exception class="java.lang.NullPointerException">
            <full-stacktrace>
              <![CDATA[java.lang.NullPointerException
	at org.task.Allannotations.tc2(Allannotations.java:68)
	at sun.reflect.NativeMethodAccessorImpl.invoke0(Native Method)
	at sun.reflect.NativeMethodAccessorImpl.invoke(Unknown Source)
	at sun.reflect.DelegatingMethodAccessorImpl.invoke(Unknown Source)
	at java.lang.reflect.Method.invoke(Unknown Source)
	at org.testng.internal.MethodInvocationHelper.invokeMethod(MethodInvocationHelper.java:100)
	at org.testng.internal.Invoker.invokeMethod(Invoker.java:646)
	at org.testng.internal.Invoker.invokeTestMethod(Invoker.java:811)
	at org.testng.internal.Invoker.invokeTestMethods(Invoker.java:1129)
	at org.testng.internal.TestMethodWorker.invokeTestMethods(TestMethodWorker.java:129)
	at org.testng.internal.TestMethodWorker.run(TestMethodWorker.java:112)
	at org.testng.TestRunner.privateRun(TestRunner.java:746)
	at org.testng.TestRunner.run(TestRunner.java:600)
	at org.testng.SuiteRunner.runTest(SuiteRunner.java:366)
	at org.testng.SuiteRunner.runSequentially(SuiteRunner.java:361)
	at org.testng.SuiteRunner.privateRun(SuiteRunner.java:319)
	at org.testng.SuiteRunner.run(SuiteRunner.java:268)
	at org.testng.SuiteRunnerWorker.runSuite(SuiteRunnerWorker.java:52)
	at org.testng.SuiteRunnerWorker.run(SuiteRunnerWorker.java:86)
	at org.testng.TestNG.runSuitesSequentially(TestNG.java:1264)
	at org.testng.TestNG.runSuitesLocally(TestNG.java:1189)
	at org.testng.TestNG.runSuites(TestNG.java:1104)
	at org.testng.TestNG.run(TestNG.java:1076)
	at org.testng.remote.AbstractRemoteTestNG.run(AbstractRemoteTestNG.java:126)
	at org.testng.remote.RemoteTestNG.initAndRun(RemoteTestNG.java:152)
	at org.testng.remote.RemoteTestNG.main(RemoteTestNG.java:57)
]]>
            </full-stacktrace>
          </exception> <!-- java.lang.NullPointerException -->
          <reporter-output>
          </reporter-output>
        </test-method> <!-- tc2 -->
        <test-method status="PASS" signature="endtime()[pri:0, instance:org.task.Allannotations@7e0b0338]" name="endtime" is-config="true" duration-ms="88" started-at="2022-04-20T17:26:37Z" finished-at="2022-04-20T17:26:37Z">
          <reporter-output>
          </reporter-output>
        </test-method> <!-- endtime -->
        <test-method status="PASS" signature="Starttime()[pri:0, instance:org.task.Allannotations@7e0b0338]" name="Starttime" is-config="true" duration-ms="93" started-at="2022-04-20T17:26:37Z" finished-at="2022-04-20T17:26:37Z">
          <reporter-output>
          </reporter-output>
        </test-method> <!-- Starttime -->
        <test-method status="FAIL" signature="tc3()[pri:0, instance:org.task.Allannotations@7e0b0338]" name="tc3" duration-ms="2" started-at="2022-04-20T17:26:37Z" finished-at="2022-04-20T17:26:37Z">
          <exception class="java.lang.NullPointerException">
            <full-stacktrace>
              <![CDATA[java.lang.NullPointerException
	at org.task.Allannotations.tc3(Allannotations.java:74)
	at sun.reflect.NativeMethodAccessorImpl.invoke0(Native Method)
	at sun.reflect.NativeMethodAccessorImpl.invoke(Unknown Source)
	at sun.reflect.DelegatingMethodAccessorImpl.invoke(Unknown Source)
	at java.lang.reflect.Method.invoke(Unknown Source)
	at org.testng.internal.MethodInvocationHelper.invokeMethod(MethodInvocationHelper.java:100)
	at org.testng.internal.Invoker.invokeMethod(Invoker.java:646)
	at org.testng.internal.Invoker.invokeTestMethod(Invoker.java:811)
	at org.testng.internal.Invoker.invokeTestMethods(Invoker.java:1129)
	at org.testng.internal.TestMethodWorker.invokeTestMethods(TestMethodWorker.java:129)
	at org.testng.internal.TestMethodWorker.run(TestMethodWorker.java:112)
	at org.testng.TestRunner.privateRun(TestRunner.java:746)
	at org.testng.TestRunner.run(TestRunner.java:600)
	at org.testng.SuiteRunner.runTest(SuiteRunner.java:366)
	at org.testng.SuiteRunner.runSequentially(SuiteRunner.java:361)
	at org.testng.SuiteRunner.privateRun(SuiteRunner.java:319)
	at org.testng.SuiteRunner.run(SuiteRunner.java:268)
	at org.testng.SuiteRunnerWorker.runSuite(SuiteRunnerWorker.java:52)
	at org.testng.SuiteRunnerWorker.run(SuiteRunnerWorker.java:86)
	at org.testng.TestNG.runSuitesSequentially(TestNG.java:1264)
	at org.testng.TestNG.runSuitesLocally(TestNG.java:1189)
	at org.testng.TestNG.runSuites(TestNG.java:1104)
	at org.testng.TestNG.run(TestNG.java:1076)
	at org.testng.remote.AbstractRemoteTestNG.run(AbstractRemoteTestNG.java:126)
	at org.testng.remote.RemoteTestNG.initAndRun(RemoteTestNG.java:152)
	at org.testng.remote.RemoteTestNG.main(RemoteTestNG.java:57)
]]>
            </full-stacktrace>
          </exception> <!-- java.lang.NullPointerException -->
          <reporter-output>
          </reporter-output>
        </test-method> <!-- tc3 -->
        <test-method status="PASS" signature="endtime()[pri:0, instance:org.task.Allannotations@7e0b0338]" name="endtime" is-config="true" duration-ms="92" started-at="2022-04-20T17:26:37Z" finished-at="2022-04-20T17:26:37Z">
          <reporter-output>
          </reporter-output>
        </test-method> <!-- endtime -->
        <test-method status="PASS" signature="Starttime()[pri:0, instance:org.task.Allannotations@7e0b0338]" name="Starttime" is-config="true" duration-ms="92" started-at="2022-04-20T17:26:37Z" finished-at="2022-04-20T17:26:37Z">
          <reporter-output>
          </reporter-output>
        </test-method> <!-- Starttime -->
        <test-method status="PASS" signature="tc4()[pri:0, instance:org.task.Allannotations@7e0b0338]" name="tc4" duration-ms="15" started-at="2022-04-20T17:26:37Z" finished-at="2022-04-20T17:26:37Z">
          <reporter-output>
          </reporter-output>
        </test-method> <!-- tc4 -->
        <test-method status="PASS" signature="endtime()[pri:0, instance:org.task.Allannotations@7e0b0338]" name="endtime" is-config="true" duration-ms="109" started-at="2022-04-20T17:26:37Z" finished-at="2022-04-20T17:26:37Z">
          <reporter-output>
          </reporter-output>
        </test-method> <!-- endtime -->
        <test-method status="PASS" signature="AtEnd()[pri:0, instance:org.task.Allannotations@7e0b0338]" name="AtEnd" is-config="true" duration-ms="719" started-at="2022-04-20T17:26:37Z" finished-at="2022-04-20T17:26:38Z">
          <reporter-output>
          </reporter-output>
        </test-method> <!-- AtEnd -->
      </class> <!-- org.task.Allannotations -->
    </test> <!-- Default test -->
  </suite> <!-- Default suite -->
</testng-results>
